Starting project at /Users/fredangasisye/Documents/vAIb/HOLY-MARKET
Starting Metro Bundler
The following packages should be updated for best compatibility with the installed expo version:
  @react-native-async-storage/async-storage@2.2.0 - expected version: 2.1.2
  expo@53.0.15 - expected version: 53.0.22
  expo-camera@16.1.10 - expected version: ~16.1.11
  expo-constants@17.1.6 - expected version: ~17.1.7
  expo-font@13.2.2 - expected version: ~13.3.2
  expo-linking@7.1.6 - expected version: ~7.1.7
  expo-router@5.0.7 - expected version: ~5.1.5
  expo-secure-store@14.2.3 - expected version: ~14.2.4
  expo-splash-screen@0.30.9 - expected version: ~0.30.10
  expo-system-ui@5.0.9 - expected version: ~5.0.11
  expo-web-browser@14.1.6 - expected version: ~14.2.0
  react-native@0.79.1 - expected version: 0.79.5
  react-native-safe-area-context@5.3.0 - expected version: 5.4.0
  react-native-screens@4.10.0 - expected version: ~4.11.1
Your project may not work correctly until you install the expected versions of the packages.
Waiting on http://localhost:8081
Logs for your project will appear below.
Web node_modules/expo-router/entry.js ░░░░░░░░░░░░░░░░  0.0% (0/1)
Web node_modules/expo-router/entry.js ▓▓▓▓░░░░░░░░░░░░ 28.4% ( 25/113)
Web node_modules/expo-router/entry.js ▓▓▓▓░░░░░░░░░░░░ 28.4% ( 64/217)
Web node_modules/expo-router/entry.js ▓▓▓▓░░░░░░░░░░░░ 28.4% (170/346)
Web node_modules/expo-router/entry.js ▓▓▓▓▓▓░░░░░░░░░░ 39.4% (263/419)
Web node_modules/expo-router/entry.js ▓▓▓▓▓▓▓░░░░░░░░░ 47.1% (320/475)
Web node_modules/expo-router/entry.js ▓▓▓▓▓▓▓▓░░░░░░░░ 54.0% ( 398/2097)
Web node_modules/expo-router/entry.js ▓▓▓▓▓▓▓▓░░░░░░░░ 54.0% ( 464/2143)
Web node_modules/expo-router/entry.js ▓▓▓▓▓▓▓▓░░░░░░░░ 54.0% ( 531/2167)
Web node_modules/expo-router/entry.js ▓▓▓▓▓▓▓▓░░░░░░░░ 54.0% ( 613/2175)
Web node_modules/expo-router/entry.js ▓▓▓▓▓▓▓▓░░░░░░░░ 54.0% ( 735/2175)
Web node_modules/expo-router/entry.js ▓▓▓▓▓▓▓▓░░░░░░░░ 54.0% ( 872/2175)
Web node_modules/expo-router/entry.js ▓▓▓▓▓▓▓▓░░░░░░░░ 54.0% ( 948/2175)
Web node_modules/expo-router/entry.js ▓▓▓▓▓▓▓▓░░░░░░░░ 54.0% (1098/2175)
Web node_modules/expo-router/entry.js ▓▓▓▓▓▓▓▓░░░░░░░░ 54.0% (1251/2175)
Web node_modules/expo-router/entry.js ▓▓▓▓▓▓▓▓░░░░░░░░ 54.0% (1400/2175)
Web node_modules/expo-router/entry.js ▓▓▓▓▓▓▓▓░░░░░░░░ 54.0% (1528/2175)
Web node_modules/expo-router/entry.js ▓▓▓▓▓▓▓▓▓░░░░░░░ 59.0% (1670/2175)
Web node_modules/expo-router/entry.js ▓▓▓▓▓▓▓▓▓▓▓░░░░░ 71.5% (1839/2175)
Web node_modules/expo-router/entry.js ▓▓▓▓▓▓▓▓▓▓▓▓▓░░░ 82.4% (1974/2175)
Web node_modules/expo-router/entry.js ▓▓▓▓▓▓▓▓▓▓▓▓▓▓░░ 93.7% (2105/2175)
Web node_modules/expo-router/entry.js ▓▓▓▓▓▓▓▓▓▓▓▓▓▓▓░ 96.4% (2191/2231)
Web node_modules/expo-router/entry.js ▓▓▓▓▓▓▓▓▓▓▓▓▓▓▓░ 97.1% (2270/2307)
Web node_modules/expo-router/entry.js ▓▓▓▓▓▓▓▓▓▓▓▓▓▓▓░ 99.9% (2348/2348)
Web Bundled 100410ms node_modules/expo-router/entry.js (2348 modules)
 LOG  [web] Logs will appear in the browser console
Web node_modules/expo-router/entry.js ░░░░░░░░░░░░░░░░  0.0% (0/1)
Web Bundled 132ms node_modules/expo-router/entry.js (1 module)
 LOG  [web] Logs will appear in the browser console
Web node_modules/expo-router/entry.js ░░░░░░░░░░░░░░░░  0.0% (0/1)
Web Bundled 140ms node_modules/expo-router/entry.js (1 module)
 LOG  [web] Logs will appear in the browser console
Web node_modules/expo-router/entry.js ░░░░░░░░░░░░░░░░  0.0% (0/1)
Web Bundled 107ms node_modules/expo-router/entry.js (1 module)
 LOG  [web] Logs will appear in the browser console
Web node_modules/expo-router/entry.js ░░░░░░░░░░░░░░░░  0.0% (0/1)
Web Bundled 127ms node_modules/expo-router/entry.js (1 module)
 LOG  [web] Logs will appear in the browser console
Web node_modules/expo-router/entry.js ░░░░░░░░░░░░░░░░  0.0% (0/1)
Web Bundled 106ms node_modules/expo-router/entry.js (1 module)
 LOG  [web] Logs will appear in the browser console
Web node_modules/expo-router/entry.js ░░░░░░░░░░░░░░░░  0.0% (0/1)
Web Bundled 151ms node_modules/expo-router/entry.js (1 module)
 LOG  [web] Logs will appear in the browser console
Web node_modules/expo-router/entry.js ░░░░░░░░░░░░░░░░  0.0% (0/1)
Web Bundled 188ms node_modules/expo-router/entry.js (1 module)
 LOG  [web] Logs will appear in the browser console
Web node_modules/expo-router/entry.js ░░░░░░░░░░░░░░░░  0.0% (0/1)
Web Bundled 315ms node_modules/expo-router/entry.js (1 module)
 LOG  [web] Logs will appear in the browser console
Web node_modules/expo-router/entry.js ░░░░░░░░░░░░░░░░  0.0% (0/1)
Web Bundled 142ms node_modules/expo-router/entry.js (1 module)
 LOG  [web] Logs will appear in the browser console
Web Bundled 252ms node_modules/expo-router/entry.js (1 module)
 LOG  [web] Logs will appear in the browser console
Web node_modules/expo-router/entry.js ░░░░░░░░░░░░░░░░  0.0% (0/1)
Web Bundled 282ms node_modules/expo-router/entry.js (1 module)
 LOG  [web] Logs will appear in the browser console
Web Bundled 193ms node_modules/expo-router/entry.js (1 module)
 LOG  [web] Logs will appear in the browser console
Web node_modules/expo-router/entry.js ░░░░░░░░░░░░░░░░  0.0% (0/1)
Web Bundled 454ms node_modules/expo-router/entry.js (1 module)
 LOG  [web] Logs will appear in the browser console
Web Bundled 127ms node_modules/expo-router/entry.js (1 module)
 LOG  [web] Logs will appear in the browser console
Web node_modules/expo-router/entry.js ░░░░░░░░░░░░░░░░  0.0% (0/1)
Web Bundled 121ms node_modules/expo-router/entry.js (1 module)
 LOG  [web] Logs will appear in the browser console
