Starting project at /Users/fredangasisye/Documents/vAIb/HOLY-MARKET
Starting Metro Bundler
The following packages should be updated for best compatibility with the installed expo version:
  @react-native-async-storage/async-storage@2.2.0 - expected version: 2.1.2
  expo@53.0.15 - expected version: 53.0.22
  expo-camera@16.1.10 - expected version: ~16.1.11
  expo-constants@17.1.6 - expected version: ~17.1.7
  expo-font@13.2.2 - expected version: ~13.3.2
  expo-linking@7.1.6 - expected version: ~7.1.7
  expo-router@5.0.7 - expected version: ~5.1.5
  expo-secure-store@14.2.3 - expected version: ~14.2.4
  expo-splash-screen@0.30.9 - expected version: ~0.30.10
  expo-system-ui@5.0.9 - expected version: ~5.0.11
  expo-web-browser@14.1.6 - expected version: ~14.2.0
  react-native@0.79.1 - expected version: 0.79.5
  react-native-safe-area-context@5.3.0 - expected version: 5.4.0
  react-native-screens@4.10.0 - expected version: ~4.11.1
Your project may not work correctly until you install the expected versions of the packages.
Waiting on http://localhost:8081
Logs for your project will appear below.
Web node_modules/expo-router/entry.js ░░░░░░░░░░░░░░░░  0.0% (0/1)
Web node_modules/expo-router/entry.js ▓▓▓▓░░░░░░░░░░░░ 30.5% ( 86/215)
Web node_modules/expo-router/entry.js ▓▓▓▓▓▓▓░░░░░░░░░ 46.7% (299/450)
Web node_modules/expo-router/entry.js ▓▓▓▓▓▓▓▓▓░░░░░░░ 60.2% (446/575)
Web node_modules/expo-router/entry.js ▓▓▓▓▓▓▓▓▓▓░░░░░░ 65.8% ( 571/2195)
Web node_modules/expo-router/entry.js ▓▓▓▓▓▓▓▓▓▓░░░░░░ 65.8% ( 572/2195)
Web node_modules/expo-router/entry.js ▓▓▓▓▓▓▓▓▓▓▓▓▓▓▓░ 99.7% (2344/2347)
Web Bundled 32846ms node_modules/expo-router/entry.js (2348 modules)
 LOG  [web] Logs will appear in the browser console
Web node_modules/expo-router/entry.js ░░░░░░░░░░░░░░░░  0.0% (0/1)
Web Bundled 158ms node_modules/expo-router/entry.js (1 module)
 LOG  [web] Logs will appear in the browser console
Web node_modules/expo-router/entry.js ░░░░░░░░░░░░░░░░  0.0% (0/1)
Web Bundled 154ms node_modules/expo-router/entry.js (1 module)
Web Bundled 228ms node_modules/expo-router/entry.js (1 module)
 LOG  [web] Logs will appear in the browser console
Web node_modules/expo-router/entry.js ░░░░░░░░░░░░░░░░  0.0% (0/1)
Web Bundled 141ms node_modules/expo-router/entry.js (1 module)
 LOG  [web] Logs will appear in the browser console
